{"/Users/nileshmatai/Documents/Supplyframe_task/backend/routes/default.js": {"path":"/Users/nileshmatai/Documents/Supplyframe_task/backend/routes/default.js","statementMap":{"0":{"start":{"line":1,"column":14},"end":{"line":1,"column":30}},"1":{"start":{"line":2,"column":13},"end":{"line":2,"column":28}},"2":{"start":{"line":5,"column":2},"end":{"line":5,"column":28}},"3":{"start":{"line":9,"column":2},"end":{"line":9,"column":28}},"4":{"start":{"line":13,"column":13},"end":{"line":13,"column":32}},"5":{"start":{"line":14,"column":13},"end":{"line":14,"column":33}},"6":{"start":{"line":15,"column":23},"end":{"line":22,"column":3}},"7":{"start":{"line":23,"column":25},"end":{"line":25,"column":4}},"8":{"start":{"line":27,"column":2},"end":{"line":31,"column":5}},"9":{"start":{"line":35,"column":13},"end":{"line":35,"column":32}},"10":{"start":{"line":36,"column":13},"end":{"line":36,"column":33}},"11":{"start":{"line":37,"column":23},"end":{"line":44,"column":3}},"12":{"start":{"line":45,"column":25},"end":{"line":47,"column":4}},"13":{"start":{"line":49,"column":2},"end":{"line":53,"column":5}},"14":{"start":{"line":57,"column":11},"end":{"line":57,"column":28}},"15":{"start":{"line":59,"column":23},"end":{"line":63,"column":3}},"16":{"start":{"line":64,"column":24},"end":{"line":66,"column":4}},"17":{"start":{"line":68,"column":2},"end":{"line":68,"column":70}},"18":{"start":{"line":72,"column":12},"end":{"line":72,"column":24}},"19":{"start":{"line":74,"column":23},"end":{"line":78,"column":3}},"20":{"start":{"line":80,"column":2},"end":{"line":84,"column":3}},"21":{"start":{"line":81,"column":4},"end":{"line":81,"column":51}},"22":{"start":{"line":83,"column":4},"end":{"line":83,"column":41}},"23":{"start":{"line":85,"column":2},"end":{"line":85,"column":28}},"24":{"start":{"line":87,"column":25},"end":{"line":89,"column":4}},"25":{"start":{"line":90,"column":2},"end":{"line":90,"column":35}},"26":{"start":{"line":91,"column":2},"end":{"line":91,"column":48}},"27":{"start":{"line":95,"column":2},"end":{"line":95,"column":65}},"28":{"start":{"line":98,"column":2},"end":{"line":98,"column":41}},"29":{"start":{"line":100,"column":0},"end":{"line":100,"column":106}}},"fnMap":{"0":{"name":"index","decl":{"start":{"line":4,"column":9},"end":{"line":4,"column":14}},"loc":{"start":{"line":4,"column":25},"end":{"line":6,"column":1}},"line":4},"1":{"name":"about","decl":{"start":{"line":8,"column":9},"end":{"line":8,"column":14}},"loc":{"start":{"line":8,"column":25},"end":{"line":10,"column":1}},"line":8},"2":{"name":"characters","decl":{"start":{"line":12,"column":15},"end":{"line":12,"column":25}},"loc":{"start":{"line":12,"column":36},"end":{"line":32,"column":1}},"line":12},"3":{"name":"comics","decl":{"start":{"line":34,"column":15},"end":{"line":34,"column":21}},"loc":{"start":{"line":34,"column":32},"end":{"line":54,"column":1}},"line":34},"4":{"name":"character","decl":{"start":{"line":56,"column":15},"end":{"line":56,"column":24}},"loc":{"start":{"line":56,"column":35},"end":{"line":69,"column":1}},"line":56},"5":{"name":"get_characters","decl":{"start":{"line":71,"column":15},"end":{"line":71,"column":29}},"loc":{"start":{"line":71,"column":40},"end":{"line":92,"column":1}},"line":71},"6":{"name":"get_favorites","decl":{"start":{"line":94,"column":15},"end":{"line":94,"column":28}},"loc":{"start":{"line":94,"column":39},"end":{"line":96,"column":1}},"line":94},"7":{"name":"not_found_page","decl":{"start":{"line":97,"column":9},"end":{"line":97,"column":23}},"loc":{"start":{"line":97,"column":34},"end":{"line":99,"column":1}},"line":97}},"branchMap":{"0":{"loc":{"start":{"line":13,"column":13},"end":{"line":13,"column":32}},"type":"binary-expr","locations":[{"start":{"line":13,"column":13},"end":{"line":13,"column":27}},{"start":{"line":13,"column":31},"end":{"line":13,"column":32}}],"line":13},"1":{"loc":{"start":{"line":14,"column":13},"end":{"line":14,"column":33}},"type":"binary-expr","locations":[{"start":{"line":14,"column":13},"end":{"line":14,"column":27}},{"start":{"line":14,"column":31},"end":{"line":14,"column":33}}],"line":14},"2":{"loc":{"start":{"line":35,"column":13},"end":{"line":35,"column":32}},"type":"binary-expr","locations":[{"start":{"line":35,"column":13},"end":{"line":35,"column":27}},{"start":{"line":35,"column":31},"end":{"line":35,"column":32}}],"line":35},"3":{"loc":{"start":{"line":36,"column":13},"end":{"line":36,"column":33}},"type":"binary-expr","locations":[{"start":{"line":36,"column":13},"end":{"line":36,"column":27}},{"start":{"line":36,"column":31},"end":{"line":36,"column":33}}],"line":36},"4":{"loc":{"start":{"line":57,"column":11},"end":{"line":57,"column":28}},"type":"binary-expr","locations":[{"start":{"line":57,"column":11},"end":{"line":57,"column":23}},{"start":{"line":57,"column":27},"end":{"line":57,"column":28}}],"line":57},"5":{"loc":{"start":{"line":80,"column":2},"end":{"line":84,"column":3}},"type":"if","locations":[{"start":{"line":80,"column":2},"end":{"line":84,"column":3}},{"start":{"line":82,"column":9},"end":{"line":84,"column":3}}],"line":80}},"s":{"0":1,"1":1,"2":1,"3":1,"4":0,"5":0,"6":0,"7":0,"8":0,"9":0,"10":0,"11":0,"12":0,"13":0,"14":0,"15":0,"16":0,"17":0,"18":0,"19":0,"20":0,"21":0,"22":0,"23":0,"24":0,"25":0,"26":0,"27":0,"28":0,"29":1},"f":{"0":1,"1":1,"2":0,"3":0,"4":0,"5":0,"6":0,"7":0},"b":{"0":[0,0],"1":[0,0],"2":[0,0],"3":[0,0],"4":[0,0],"5":[0,0]},"_coverageSchema":"1a1c01bbd47fc00a2c39e90264f33305004495a9","hash":"20fe5123115a69e383873119b5d2aa5986d7654c"}
}
