TN:
SF:routes/default.js
FN:4,index
FN:8,about
FN:12,characters
FN:34,comics
FN:56,character
FN:71,get_characters
FN:94,get_favorites
FN:97,not_found_page
FNF:8
FNH:2
FNDA:1,index
FNDA:1,about
FNDA:0,characters
FNDA:0,comics
FNDA:0,character
FNDA:0,get_characters
FNDA:0,get_favorites
FNDA:0,not_found_page
DA:1,1
DA:2,1
DA:5,1
DA:9,1
DA:13,0
DA:14,0
DA:15,0
DA:23,0
DA:27,0
DA:35,0
DA:36,0
DA:37,0
DA:45,0
DA:49,0
DA:57,0
DA:59,0
DA:64,0
DA:68,0
DA:72,0
DA:74,0
DA:80,0
DA:81,0
DA:83,0
DA:85,0
DA:87,0
DA:90,0
DA:91,0
DA:95,0
DA:98,0
DA:100,1
LF:30
LH:5
BRDA:13,0,0,0
BRDA:13,0,1,0
BRDA:14,1,0,0
BRDA:14,1,1,0
BRDA:35,2,0,0
BRDA:35,2,1,0
BRDA:36,3,0,0
BRDA:36,3,1,0
BRDA:57,4,0,0
BRDA:57,4,1,0
BRDA:80,5,0,0
BRDA:80,5,1,0
BRF:12
BRH:0
end_of_record
